# JRE version: Java(TM) SE Runtime Environment 18.9 (11.0.10+8) (build 11.0.10+8-LTS-162)
# Java VM: Java HotSpot(TM) 64-Bit Server VM 18.9 (11.0.10+8-LTS-162, mixed mode, tiered, compressed oops, g1 gc, windows-amd64)
Heap:
 garbage-first heap   total 61440K, used 42975K [0x0000000081400000, 0x0000000100000000)
  region size 1024K, 27 young (27648K), 3 survivors (3072K)
 Metaspace       used 52395K, capacity 53816K, committed 54096K, reserved 1095680K
  class space    used 6618K, capacity 7133K, committed 7168K, reserved 1048576K
GC Heap History (10 events):
Event: 1.965 GC heap after
{Heap after GC invocations=6 (full 0):
 garbage-first heap   total 157696K, used 12291K [0x0000000081400000, 0x0000000100000000)
  region size 1024K, 6 young (6144K), 6 survivors (6144K)
 Metaspace       used 34872K, capacity 35827K, committed 35920K, reserved 1081344K
  class space    used 3913K, capacity 4325K, committed 4352K, reserved 1048576K
}
Event: 2.541 GC heap before
{Heap before GC invocations=7 (full 0):
 garbage-first heap   total 157696K, used 94211K [0x0000000081400000, 0x0000000100000000)
  region size 1024K, 86 young (88064K), 6 survivors (6144K)
 Metaspace       used 43317K, capacity 44435K, committed 44496K, reserved 1087488K
  class space    used 5589K, capacity 5995K, committed 6016K, reserved 1048576K
}
Event: 2.546 GC heap after
{Heap after GC invocations=8 (full 0):
 garbage-first heap   total 157696K, used 14996K [0x0000000081400000, 0x0000000100000000)
  region size 1024K, 8 young (8192K), 8 survivors (8192K)
 Metaspace       used 43317K, capacity 44435K, committed 44496K, reserved 1087488K
  class space    used 5589K, capacity 5995K, committed 6016K, reserved 1048576K
}
Event: 11.032 GC heap before
{Heap before GC invocations=8 (full 0):
 garbage-first heap   total 157696K, used 101012K [0x0000000081400000, 0x0000000100000000)
  region size 1024K, 92 young (94208K), 8 survivors (8192K)
 Metaspace       used 50549K, capacity 51906K, committed 52176K, reserved 1095680K
  class space    used 6475K, capacity 6985K, committed 7040K, reserved 1048576K
}
Event: 11.041 GC heap after
{Heap after GC invocations=9 (full 0):
 garbage-first heap   total 157696K, used 18292K [0x0000000081400000, 0x0000000100000000)
  region size 1024K, 8 young (8192K), 8 survivors (8192K)
 Metaspace       used 50549K, capacity 51906K, committed 52176K, reserved 1095680K
  class space    used 6475K, capacity 6985K, committed 7040K, reserved 1048576K
}
Event: 719.729 GC heap before
{Heap before GC invocations=9 (full 0):
 garbage-first heap   total 157696K, used 50036K [0x0000000081400000, 0x0000000100000000)
  region size 1024K, 40 young (40960K), 8 survivors (8192K)
 Metaspace       used 51827K, capacity 53206K, committed 53328K, reserved 1095680K
  class space    used 6596K, capacity 7112K, committed 7168K, reserved 1048576K
}
Event: 719.758 GC heap after
{Heap after GC invocations=10 (full 1):
 garbage-first heap   total 61440K, used 16225K [0x0000000081400000, 0x0000000100000000)
  region size 1024K, 0 young (0K), 0 survivors (0K)
 Metaspace       used 51827K, capacity 53206K, committed 53328K, reserved 1095680K
  class space    used 6596K, capacity 7112K, committed 7168K, reserved 1048576K
}
Event: 720.003 GC heap before
{Heap before GC invocations=10 (full 1):
 garbage-first heap   total 61440K, used 46945K [0x0000000081400000, 0x0000000100000000)
  region size 1024K, 30 young (30720K), 0 survivors (0K)
 Metaspace       used 52051K, capacity 53446K, committed 53584K, reserved 1095680K
  class space    used 6602K, capacity 7120K, committed 7168K, reserved 1048576K
}
Event: 720.005 GC heap after
{Heap after GC invocations=11 (full 1):
 garbage-first heap   total 61440K, used 19236K [0x0000000081400000, 0x0000000100000000)
  region size 1024K, 3 young (3072K), 3 survivors (3072K)
 Metaspace       used 52051K, capacity 53446K, committed 53584K, reserved 1095680K
  class space    used 6602K, capacity 7120K, committed 7168K, reserved 1048576K
}
Event: 910.061 GC heap before
{Heap before GC invocations=11 (full 1):
 garbage-first heap   total 61440K, used 42788K [0x0000000081400000, 0x0000000100000000)
  region size 1024K, 27 young (27648K), 3 survivors (3072K)
 Metaspace       used 52395K, capacity 53816K, committed 54096K, reserved 1095680K
  class space    used 6618K, capacity 7133K, committed 7168K, reserved 1048576K
}

